<?xml version="1.0" encoding="UTF-8"?>
<!-- Generated by org.testng.reporters.JUnitReportReporter -->
<testsuite hostname="WS1090" failures="0" tests="1" name="XmlToJsonTest" time="0.006" errors="0" timestamp="16 мая 2019 11:09:23 GMT" skipped="0">
  <testcase classname="XmlToJsonTest" name="xmlToJsonTest" time="0.006"/>
</testsuite> <!-- XmlToJsonTest -->
